# JRE version: Java(TM) SE Runtime Environment 18.9 (11.0.18+9) (build 11.0.18+9-LTS-195)
# Java VM: Java HotSpot(TM) 64-Bit Server VM 18.9 (11.0.18+9-LTS-195, mixed mode, tiered, compressed oops, g1 gc, windows-amd64)
Heap:
 garbage-first heap   total 57344K, used 39603K [0x00000000c9400000, 0x0000000100000000)
  region size 1024K, 29 young (29696K), 4 survivors (4096K)
 Metaspace       used 30421K, capacity 31288K, committed 31616K, reserved 1077248K
  class space    used 3496K, capacity 3853K, committed 3968K, reserved 1048576K
GC Heap History (10 events):
Event: 1.256 GC heap after
{Heap after GC invocations=1 (full 0):
 garbage-first heap   total 57344K, used 4308K [0x00000000c9400000, 0x0000000100000000)
  region size 1024K, 2 young (2048K), 2 survivors (2048K)
 Metaspace       used 12197K, capacity 12452K, committed 12544K, reserved 1060864K
  class space    used 1191K, capacity 1260K, committed 1280K, reserved 1048576K
}
Event: 1.361 GC heap before
{Heap before GC invocations=1 (full 0):
 garbage-first heap   total 57344K, used 7380K [0x00000000c9400000, 0x0000000100000000)
  region size 1024K, 5 young (5120K), 2 survivors (2048K)
 Metaspace       used 13282K, capacity 13610K, committed 13824K, reserved 1060864K
  class space    used 1308K, capacity 1415K, committed 1536K, reserved 1048576K
}
Event: 1.365 GC heap after
{Heap after GC invocations=2 (full 0):
 garbage-first heap   total 57344K, used 4663K [0x00000000c9400000, 0x0000000100000000)
  region size 1024K, 1 young (1024K), 1 survivors (1024K)
 Metaspace       used 13282K, capacity 13610K, committed 13824K, reserved 1060864K
  class space    used 1308K, capacity 1415K, committed 1536K, reserved 1048576K
}
Event: 1.847 GC heap before
{Heap before GC invocations=2 (full 0):
 garbage-first heap   total 57344K, used 22071K [0x00000000c9400000, 0x0000000100000000)
  region size 1024K, 19 young (19456K), 1 survivors (1024K)
 Metaspace       used 17349K, capacity 17844K, committed 18048K, reserved 1064960K
  class space    used 1850K, capacity 2051K, committed 2176K, reserved 1048576K
}
Event: 1.849 GC heap after
{Heap after GC invocations=3 (full 0):
 garbage-first heap   total 57344K, used 5594K [0x00000000c9400000, 0x0000000100000000)
  region size 1024K, 2 young (2048K), 2 survivors (2048K)
 Metaspace       used 17349K, capacity 17844K, committed 18048K, reserved 1064960K
  class space    used 1850K, capacity 2051K, committed 2176K, reserved 1048576K
}
Event: 2.126 GC heap before
{Heap before GC invocations=3 (full 0):
 garbage-first heap   total 57344K, used 14810K [0x00000000c9400000, 0x0000000100000000)
  region size 1024K, 12 young (12288K), 2 survivors (2048K)
 Metaspace       used 20631K, capacity 21118K, committed 21248K, reserved 1069056K
  class space    used 2241K, capacity 2441K, committed 2560K, reserved 1048576K
}
Event: 2.129 GC heap after
{Heap after GC invocations=4 (full 0):
 garbage-first heap   total 57344K, used 6957K [0x00000000c9400000, 0x0000000100000000)
  region size 1024K, 3 young (3072K), 3 survivors (3072K)
 Metaspace       used 20631K, capacity 21118K, committed 21248K, reserved 1069056K
  class space    used 2241K, capacity 2441K, committed 2560K, reserved 1048576K
}
Event: 3.414 GC heap before
{Heap before GC invocations=5 (full 0):
 garbage-first heap   total 57344K, used 33581K [0x00000000c9400000, 0x0000000100000000)
  region size 1024K, 29 young (29696K), 3 survivors (3072K)
 Metaspace       used 26217K, capacity 26960K, committed 27136K, reserved 1073152K
  class space    used 2961K, capacity 3264K, committed 3328K, reserved 1048576K
}
Event: 3.420 GC heap after
{Heap after GC invocations=6 (full 0):
 garbage-first heap   total 57344K, used 8883K [0x00000000c9400000, 0x0000000100000000)
  region size 1024K, 4 young (4096K), 4 survivors (4096K)
 Metaspace       used 26217K, capacity 26960K, committed 27136K, reserved 1073152K
  class space    used 2961K, capacity 3264K, committed 3328K, reserved 1048576K
}
Event: 10391.435 GC heap before
{Heap before GC invocations=6 (full 0):
 garbage-first heap   total 57344K, used 39603K [0x00000000c9400000, 0x0000000100000000)
  region size 1024K, 29 young (29696K), 4 survivors (4096K)
 Metaspace       used 30421K, capacity 31288K, committed 31616K, reserved 1077248K
  class space    used 3496K, capacity 3853K, committed 3968K, reserved 1048576K
}

