# JRE version: Java(TM) SE Runtime Environment 18.9 (11.0.18+9) (build 11.0.18+9-LTS-195)
# Java VM: Java HotSpot(TM) 64-Bit Server VM 18.9 (11.0.18+9-LTS-195, mixed mode, tiered, compressed oops, g1 gc, windows-amd64)
Heap:
 garbage-first heap   total 57344K, used 17244K [0x00000000c9400000, 0x0000000100000000)
  region size 1024K, 7 young (7168K), 4 survivors (4096K)
 Metaspace       used 30417K, capacity 31255K, committed 31488K, reserved 1077248K
  class space    used 3494K, capacity 3820K, committed 3840K, reserved 1048576K
GC Heap History (10 events):
Event: 2.801 GC heap before
{Heap before GC invocations=1 (full 0):
 garbage-first heap   total 57344K, used 8571K [0x00000000c9400000, 0x0000000100000000)
  region size 1024K, 6 young (6144K), 2 survivors (2048K)
 Metaspace       used 13614K, capacity 13948K, committed 14080K, reserved 1062912K
  class space    used 1352K, capacity 1464K, committed 1536K, reserved 1048576K
}
Event: 2.806 GC heap after
{Heap after GC invocations=2 (full 0):
 garbage-first heap   total 57344K, used 4648K [0x00000000c9400000, 0x0000000100000000)
  region size 1024K, 1 young (1024K), 1 survivors (1024K)
 Metaspace       used 13614K, capacity 13948K, committed 14080K, reserved 1062912K
  class space    used 1352K, capacity 1464K, committed 1536K, reserved 1048576K
}
Event: 3.589 GC heap before
{Heap before GC invocations=2 (full 0):
 garbage-first heap   total 57344K, used 22056K [0x00000000c9400000, 0x0000000100000000)
  region size 1024K, 18 young (18432K), 1 survivors (1024K)
 Metaspace       used 17448K, capacity 17908K, committed 18048K, reserved 1064960K
  class space    used 1866K, capacity 2051K, committed 2176K, reserved 1048576K
}
Event: 3.593 GC heap after
{Heap after GC invocations=3 (full 0):
 garbage-first heap   total 57344K, used 5484K [0x00000000c9400000, 0x0000000100000000)
  region size 1024K, 2 young (2048K), 2 survivors (2048K)
 Metaspace       used 17448K, capacity 17908K, committed 18048K, reserved 1064960K
  class space    used 1866K, capacity 2051K, committed 2176K, reserved 1048576K
}
Event: 4.037 GC heap before
{Heap before GC invocations=3 (full 0):
 garbage-first heap   total 57344K, used 13676K [0x00000000c9400000, 0x0000000100000000)
  region size 1024K, 11 young (11264K), 2 survivors (2048K)
 Metaspace       used 20623K, capacity 21118K, committed 21248K, reserved 1069056K
  class space    used 2236K, capacity 2441K, committed 2560K, reserved 1048576K
}
Event: 4.043 GC heap after
{Heap after GC invocations=4 (full 0):
 garbage-first heap   total 57344K, used 6781K [0x00000000c9400000, 0x0000000100000000)
  region size 1024K, 3 young (3072K), 3 survivors (3072K)
 Metaspace       used 20623K, capacity 21118K, committed 21248K, reserved 1069056K
  class space    used 2236K, capacity 2441K, committed 2560K, reserved 1048576K
}
Event: 5.298 GC heap before
{Heap before GC invocations=5 (full 0):
 garbage-first heap   total 57344K, used 31357K [0x00000000c9400000, 0x0000000100000000)
  region size 1024K, 27 young (27648K), 3 survivors (3072K)
 Metaspace       used 25931K, capacity 26733K, committed 26880K, reserved 1073152K
  class space    used 2926K, capacity 3231K, committed 3328K, reserved 1048576K
}
Event: 5.307 GC heap after
{Heap after GC invocations=6 (full 0):
 garbage-first heap   total 57344K, used 8590K [0x00000000c9400000, 0x0000000100000000)
  region size 1024K, 4 young (4096K), 4 survivors (4096K)
 Metaspace       used 25931K, capacity 26733K, committed 26880K, reserved 1073152K
  class space    used 2926K, capacity 3231K, committed 3328K, reserved 1048576K
}
Event: 12.500 GC heap before
{Heap before GC invocations=6 (full 0):
 garbage-first heap   total 57344K, used 37262K [0x00000000c9400000, 0x0000000100000000)
  region size 1024K, 28 young (28672K), 4 survivors (4096K)
 Metaspace       used 30108K, capacity 30865K, committed 30976K, reserved 1077248K
  class space    used 3471K, capacity 3777K, committed 3840K, reserved 1048576K
}
Event: 12.513 GC heap after
{Heap after GC invocations=7 (full 0):
 garbage-first heap   total 57344K, used 15196K [0x00000000c9400000, 0x0000000100000000)
  region size 1024K, 4 young (4096K), 4 survivors (4096K)
 Metaspace       used 30108K, capacity 30865K, committed 30976K, reserved 1077248K
  class space    used 3471K, capacity 3777K, committed 3840K, reserved 1048576K
}

