# JRE version: Java(TM) SE Runtime Environment 18.9 (11.0.18+9) (build 11.0.18+9-LTS-195)
# Java VM: Java HotSpot(TM) 64-Bit Server VM 18.9 (11.0.18+9-LTS-195, mixed mode, tiered, compressed oops, g1 gc, windows-amd64)
Heap:
 garbage-first heap   total 57344K, used 20237K [0x00000000c9400000, 0x0000000100000000)
  region size 1024K, 9 young (9216K), 3 survivors (3072K)
 Metaspace       used 30369K, capacity 31194K, committed 31232K, reserved 1077248K
  class space    used 3486K, capacity 3821K, committed 3840K, reserved 1048576K
GC Heap History (10 events):
Event: 1.971 GC heap before
{Heap before GC invocations=1 (full 0):
 garbage-first heap   total 57344K, used 11475K [0x00000000c9400000, 0x0000000100000000)
  region size 1024K, 9 young (9216K), 2 survivors (2048K)
 Metaspace       used 14881K, capacity 15323K, committed 15616K, reserved 1062912K
  class space    used 1525K, capacity 1676K, committed 1792K, reserved 1048576K
}
Event: 1.975 GC heap after
{Heap after GC invocations=2 (full 0):
 garbage-first heap   total 57344K, used 5113K [0x00000000c9400000, 0x0000000100000000)
  region size 1024K, 1 young (1024K), 1 survivors (1024K)
 Metaspace       used 14881K, capacity 15323K, committed 15616K, reserved 1062912K
  class space    used 1525K, capacity 1676K, committed 1792K, reserved 1048576K
}
Event: 2.455 GC heap before
{Heap before GC invocations=2 (full 0):
 garbage-first heap   total 57344K, used 25593K [0x00000000c9400000, 0x0000000100000000)
  region size 1024K, 21 young (21504K), 1 survivors (1024K)
 Metaspace       used 18484K, capacity 19056K, committed 19200K, reserved 1067008K
  class space    used 2012K, capacity 2200K, committed 2304K, reserved 1048576K
}
Event: 2.457 GC heap after
{Heap after GC invocations=3 (full 0):
 garbage-first heap   total 57344K, used 5980K [0x00000000c9400000, 0x0000000100000000)
  region size 1024K, 2 young (2048K), 2 survivors (2048K)
 Metaspace       used 18484K, capacity 19056K, committed 19200K, reserved 1067008K
  class space    used 2012K, capacity 2200K, committed 2304K, reserved 1048576K
}
Event: 2.669 GC heap before
{Heap before GC invocations=3 (full 0):
 garbage-first heap   total 57344K, used 9052K [0x00000000c9400000, 0x0000000100000000)
  region size 1024K, 6 young (6144K), 2 survivors (2048K)
 Metaspace       used 20641K, capacity 21121K, committed 21248K, reserved 1069056K
  class space    used 2240K, capacity 2442K, committed 2560K, reserved 1048576K
}
Event: 2.672 GC heap after
{Heap after GC invocations=4 (full 0):
 garbage-first heap   total 57344K, used 7019K [0x00000000c9400000, 0x0000000100000000)
  region size 1024K, 3 young (3072K), 3 survivors (3072K)
 Metaspace       used 20641K, capacity 21121K, committed 21248K, reserved 1069056K
  class space    used 2240K, capacity 2442K, committed 2560K, reserved 1048576K
}
Event: 3.431 GC heap before
{Heap before GC invocations=5 (full 0):
 garbage-first heap   total 57344K, used 29547K [0x00000000c9400000, 0x0000000100000000)
  region size 1024K, 25 young (25600K), 3 survivors (3072K)
 Metaspace       used 25538K, capacity 26258K, committed 26496K, reserved 1073152K
  class space    used 2874K, capacity 3178K, committed 3200K, reserved 1048576K
}
Event: 3.441 GC heap after
{Heap after GC invocations=6 (full 0):
 garbage-first heap   total 57344K, used 8907K [0x00000000c9400000, 0x0000000100000000)
  region size 1024K, 4 young (4096K), 4 survivors (4096K)
 Metaspace       used 25538K, capacity 26258K, committed 26496K, reserved 1073152K
  class space    used 2874K, capacity 3178K, committed 3200K, reserved 1048576K
}
Event: 6.406 GC heap before
{Heap before GC invocations=6 (full 0):
 garbage-first heap   total 57344K, used 38603K [0x00000000c9400000, 0x0000000100000000)
  region size 1024K, 28 young (28672K), 4 survivors (4096K)
 Metaspace       used 29271K, capacity 30073K, committed 30208K, reserved 1075200K
  class space    used 3387K, capacity 3726K, committed 3840K, reserved 1048576K
}
Event: 6.412 GC heap after
{Heap after GC invocations=7 (full 0):
 garbage-first heap   total 57344K, used 15117K [0x00000000c9400000, 0x0000000100000000)
  region size 1024K, 3 young (3072K), 3 survivors (3072K)
 Metaspace       used 29271K, capacity 30073K, committed 30208K, reserved 1075200K
  class space    used 3387K, capacity 3726K, committed 3840K, reserved 1048576K
}

