<?xml version="1.0" encoding="UTF-8"?>
<!-- Generated by org.testng.reporters.JUnitXMLReporter -->
<testsuite ignored="2" hostname="LAPTOP-5NJGE6VO" failures="0" tests="1" name="Default test" time="32.142" errors="0" timestamp="2023-07-20T11:43:48 IST">
  <testcase classname="com.obsqura.TestNGframework.FileUpload" name="fileUploadUsingAutoIT" time="15.273"/>
  <testcase classname="com.obsqura.TestNGframework.FileUpload" name="fileUploadUsingRobotClass" time="0.0">
    <ignored/>
  </testcase> <!-- fileUploadUsingRobotClass -->
  <testcase classname="com.obsqura.TestNGframework.FileUpload" name="fileUploadUsingSendKeys" time="0.0">
    <ignored/>
  </testcase> <!-- fileUploadUsingSendKeys -->
</testsuite> <!-- Default test -->
