<?xml version="1.0" encoding="UTF-8"?>
<!-- Generated by org.testng.reporters.JUnitXMLReporter -->
<testsuite ignored="2" hostname="LAPTOP-5NJGE6VO" failures="0" tests="1" name="Default test" time="230.927" errors="0" timestamp="2023-07-14T10:34:10 IST">
  <testcase classname="com.obsqura.TestNGframework.Alerts" name="clickForPrompt" time="224.228"/>
  <testcase classname="com.obsqura.TestNGframework.Alerts" name="alertsAccept" time="0.0">
    <ignored/>
  </testcase> <!-- alertsAccept -->
  <testcase classname="com.obsqura.TestNGframework.Alerts" name="alertsDismiss" time="0.0">
    <ignored/>
  </testcase> <!-- alertsDismiss -->
</testsuite> <!-- Default test -->
