<?xml version="1.0" encoding="UTF-8"?>
<!-- Generated by org.testng.reporters.JUnitXMLReporter -->
<testsuite ignored="1" hostname="LAPTOP-5NJGE6VO" failures="0" tests="1" name="Test" time="15.395" errors="0" timestamp="2023-07-11T15:44:07 IST">
  <testcase classname="com.obsqura.TestNGframework.CheckBoxDemo" name="verifyMultipleCheckBoxDemo" time="1.258"/>
  <testcase classname="com.obsqura.TestNGframework.CheckBoxDemo" name="checkBoxDemo" time="0.0">
    <ignored/>
  </testcase> <!-- checkBoxDemo -->
</testsuite> <!-- Test -->
