<?xml version="1.0" encoding="UTF-8"?>
<!-- Generated by org.testng.reporters.JUnitXMLReporter -->
<testsuite ignored="16" hostname="LAPTOP-5NJGE6VO" failures="0" tests="1" name="Test" time="8.56" errors="0" timestamp="2023-07-10T21:59:08 IST">
  <testcase classname="com.obsqura.TestNGframework.Assertion" name="verifyEnterValueBisAllignedBelowofEnterValueA" time="0.088"/>
  <testcase classname="com.obsqura.TestNGframework.Assertion" name="verifyBackgroundColorofShowMessageButton" time="0.0">
    <ignored/>
  </testcase> <!-- verifyBackgroundColorofShowMessageButton -->
  <testcase classname="com.obsqura.TestNGframework.Assertion" name="amazoneWordShouldNotBeinObsquraSite" time="0.0">
    <ignored/>
  </testcase> <!-- amazoneWordShouldNotBeinObsquraSite -->
  <testcase classname="com.obsqura.TestNGframework.Assertion" name="verifyShowMessageButtonisDisplayed" time="0.0">
    <ignored/>
  </testcase> <!-- verifyShowMessageButtonisDisplayed -->
  <testcase classname="com.obsqura.TestNGframework.Assertion" name="verifyTheHeightAndWidthofShowMessageButton" time="0.0">
    <ignored/>
  </testcase> <!-- verifyTheHeightAndWidthofShowMessageButton -->
  <testcase classname="com.obsqura.TestNGframework.Assertion" name="asserNotNullSample" time="0.0">
    <ignored/>
  </testcase> <!-- asserNotNullSample -->
  <testcase classname="com.obsqura.TestNGframework.Assertion" name="verifyTwoInputFieldWhenValueEnterOnTextFieldAndClcikOnGetTotalButton" time="0.0">
    <ignored/>
  </testcase> <!-- verifyTwoInputFieldWhenValueEnterOnTextFieldAndClcikOnGetTotalButton -->
  <testcase classname="com.obsqura.TestNGframework.Assertion" name="verifyTheFontWeightofShowMessageButton" time="0.0">
    <ignored/>
  </testcase> <!-- verifyTheFontWeightofShowMessageButton -->
  <testcase classname="com.obsqura.TestNGframework.Assertion" name="asserNullSample" time="0.0">
    <ignored/>
  </testcase> <!-- asserNullSample -->
  <testcase classname="com.obsqura.TestNGframework.Assertion" name="verifyShowMessageButtonText" time="0.0">
    <ignored/>
  </testcase> <!-- verifyShowMessageButtonText -->
  <testcase classname="com.obsqura.TestNGframework.Assertion" name="assertTrueSample" time="0.0">
    <ignored/>
  </testcase> <!-- assertTrueSample -->
  <testcase classname="com.obsqura.TestNGframework.Assertion" name="softAssert" time="0.0">
    <ignored/>
  </testcase> <!-- softAssert -->
  <testcase classname="com.obsqura.TestNGframework.Assertion" name="verifyButtonColorBackGroundColorAndFontWeightofShowMessageButton" time="0.0">
    <ignored/>
  </testcase> <!-- verifyButtonColorBackGroundColorAndFontWeightofShowMessageButton -->
  <testcase classname="com.obsqura.TestNGframework.Assertion" name="assertFalseSample" time="0.0">
    <ignored/>
  </testcase> <!-- assertFalseSample -->
  <testcase classname="com.obsqura.TestNGframework.Assertion" name="verifyGetTotalButtonIsEnabled" time="0.0">
    <ignored/>
  </testcase> <!-- verifyGetTotalButtonIsEnabled -->
  <testcase classname="com.obsqura.TestNGframework.Assertion" name="verifyTheColorOfShowMessageButton" time="0.0">
    <ignored/>
  </testcase> <!-- verifyTheColorOfShowMessageButton -->
  <testcase classname="com.obsqura.TestNGframework.Assertion" name="verifySingleInputFieldWhenEnterDataOnTextFieldAndClcikOnShowMessageButton" time="0.0">
    <ignored/>
  </testcase> <!-- verifySingleInputFieldWhenEnterDataOnTextFieldAndClcikOnShowMessageButton -->
</testsuite> <!-- Test -->
