<?xml version="1.0" encoding="UTF-8"?>
<testng-results ignored="2" total="3" passed="1" failed="0" skipped="0">
  <reporter-output>
  </reporter-output>
  <suite started-at="2023-07-14T10:30:19 IST" name="Default suite" finished-at="2023-07-14T10:34:10 IST" duration-ms="230927">
    <groups>
    </groups>
    <test started-at="2023-07-14T10:30:19 IST" name="Default test" finished-at="2023-07-14T10:34:10 IST" duration-ms="230927">
      <class name="com.obsqura.TestNGframework.Alerts">
        <test-method is-config="true" signature="initialiseBrowser()[pri:0, instance:com.obsqura.TestNGframework.Alerts@4a883b15]" started-at="2023-07-14T10:30:19 IST" name="initialiseBrowser" finished-at="2023-07-14T10:30:24 IST" duration-ms="5551" status="PASS">
          <reporter-output>
          </reporter-output>
        </test-method> <!-- initialiseBrowser -->
        <test-method signature="clickForPrompt()[pri:0, instance:com.obsqura.TestNGframework.Alerts@4a883b15]" started-at="2023-07-14T10:30:24 IST" name="clickForPrompt" finished-at="2023-07-14T10:34:09 IST" duration-ms="224228" status="PASS">
          <reporter-output>
          </reporter-output>
        </test-method> <!-- clickForPrompt -->
        <test-method is-config="true" signature="browserCloseorQuit()[pri:0, instance:com.obsqura.TestNGframework.Alerts@4a883b15]" started-at="2023-07-14T10:34:09 IST" name="browserCloseorQuit" finished-at="2023-07-14T10:34:10 IST" duration-ms="944" status="PASS">
          <reporter-output>
          </reporter-output>
        </test-method> <!-- browserCloseorQuit -->
      </class> <!-- com.obsqura.TestNGframework.Alerts -->
    </test> <!-- Default test -->
  </suite> <!-- Default suite -->
</testng-results>
