<?xml version="1.0" encoding="UTF-8"?>
<testng-results ignored="13" total="14" passed="1" failed="0" skipped="0">
  <reporter-output>
  </reporter-output>
  <suite started-at="2023-07-10T11:17:26 IST" name="Suite" finished-at="2023-07-10T11:17:42 IST" duration-ms="15424">
    <groups>
    </groups>
    <test started-at="2023-07-10T11:17:26 IST" name="Test" finished-at="2023-07-10T11:17:42 IST" duration-ms="15424">
      <class name="com.obsqura.TestNGframework.Assertion">
        <test-method is-config="true" signature="initialiseBrowser()[pri:0, instance:com.obsqura.TestNGframework.Assertion@6574a52c]" started-at="2023-07-10T11:17:26 IST" name="initialiseBrowser" finished-at="2023-07-10T11:17:40 IST" duration-ms="14130" status="PASS">
          <reporter-output>
          </reporter-output>
        </test-method> <!-- initialiseBrowser -->
        <test-method signature="verifyButtonColorBackGroungColorAndFontWeightofShowMessageButton()[pri:0, instance:com.obsqura.TestNGframework.Assertion@6574a52c]" started-at="2023-07-10T11:17:40 IST" name="verifyButtonColorBackGroungColorAndFontWeightofShowMessageButton" finished-at="2023-07-10T11:17:41 IST" duration-ms="187" status="PASS">
          <reporter-output>
          </reporter-output>
        </test-method> <!-- verifyButtonColorBackGroungColorAndFontWeightofShowMessageButton -->
        <test-method is-config="true" signature="browserCloseorQuit()[pri:0, instance:com.obsqura.TestNGframework.Assertion@6574a52c]" started-at="2023-07-10T11:17:41 IST" name="browserCloseorQuit" finished-at="2023-07-10T11:17:42 IST" duration-ms="986" status="PASS">
          <reporter-output>
          </reporter-output>
        </test-method> <!-- browserCloseorQuit -->
      </class> <!-- com.obsqura.TestNGframework.Assertion -->
    </test> <!-- Test -->
  </suite> <!-- Suite -->
</testng-results>
